<?xml version="1.0" encoding="UTF-8"?>
<!-- Generated by org.testng.reporters.JUnitXMLReporter -->
<testsuite ignored="0" hostname="DESKTOP-SITGL47" failures="0" tests="4" name="Default test" time="1.156" errors="0" timestamp="2025-01-29T01:39:17 IST">
  <testcase classname="ExcelDriven.ExcelDriven.dataProviderTest" name="testData" time="0.025"/>
  <testcase classname="ExcelDriven.ExcelDriven.dataProviderTest" name="testData" time="0.004"/>
  <testcase classname="ExcelDriven.ExcelDriven.dataProviderTest" name="testData" time="0.003"/>
  <testcase classname="ExcelDriven.ExcelDriven.dataProviderTest" name="testData" time="0.003"/>
</testsuite> <!-- Default test -->
