<?xml version="1.0" encoding="UTF-8"?>
<testng-results ignored="0" total="4" passed="4" failed="0" skipped="0">
  <reporter-output>
  </reporter-output>
  <suite started-at="2025-01-29T01:39:16 IST" name="Default suite" finished-at="2025-01-29T01:39:17 IST" duration-ms="1156">
    <groups>
    </groups>
    <test started-at="2025-01-29T01:39:16 IST" name="Default test" finished-at="2025-01-29T01:39:17 IST" duration-ms="1156">
      <class name="ExcelDriven.ExcelDriven.dataProviderTest">
        <test-method signature="testData(java.lang.String,java.lang.String,java.lang.String,java.lang.String)[pri:0, instance:ExcelDriven.ExcelDriven.dataProviderTest@1cf56a1c]" started-at="2025-01-29T01:39:17 IST" name="testData" data-provider="driveTest" finished-at="2025-01-29T01:39:17 IST" duration-ms="25" status="PASS">
          <params>
            <param index="0">
              <value>
                <![CDATA[Purchase]]>
              </value>
            </param>
            <param index="1">
              <value>
                <![CDATA[Data 1]]>
              </value>
            </param>
            <param index="2">
              <value>
                <![CDATA[Data 2]]>
              </value>
            </param>
            <param index="3">
              <value>
                <![CDATA[Data 3]]>
              </value>
            </param>
          </params>
          <reporter-output>
          </reporter-output>
        </test-method> <!-- testData -->
        <test-method signature="testData(java.lang.String,java.lang.String,java.lang.String,java.lang.String)[pri:0, instance:ExcelDriven.ExcelDriven.dataProviderTest@1cf56a1c]" started-at="2025-01-29T01:39:17 IST" name="testData" data-provider="driveTest" finished-at="2025-01-29T01:39:17 IST" duration-ms="4" status="PASS">
          <params>
            <param index="0">
              <value>
                <![CDATA[Pankaj]]>
              </value>
            </param>
            <param index="1">
              <value>
                <![CDATA[hi]]>
              </value>
            </param>
            <param index="2">
              <value>
                <![CDATA[hello]]>
              </value>
            </param>
            <param index="3">
              <value>
                <![CDATA[1]]>
              </value>
            </param>
          </params>
          <reporter-output>
          </reporter-output>
        </test-method> <!-- testData -->
        <test-method signature="testData(java.lang.String,java.lang.String,java.lang.String,java.lang.String)[pri:0, instance:ExcelDriven.ExcelDriven.dataProviderTest@1cf56a1c]" started-at="2025-01-29T01:39:17 IST" name="testData" data-provider="driveTest" finished-at="2025-01-29T01:39:17 IST" duration-ms="3" status="PASS">
          <params>
            <param index="0">
              <value>
                <![CDATA[Ajay]]>
              </value>
            </param>
            <param index="1">
              <value>
                <![CDATA[new ]]>
              </value>
            </param>
            <param index="2">
              <value>
                <![CDATA[world ]]>
              </value>
            </param>
            <param index="3">
              <value>
                <![CDATA[ih]]>
              </value>
            </param>
          </params>
          <reporter-output>
          </reporter-output>
        </test-method> <!-- testData -->
        <test-method signature="testData(java.lang.String,java.lang.String,java.lang.String,java.lang.String)[pri:0, instance:ExcelDriven.ExcelDriven.dataProviderTest@1cf56a1c]" started-at="2025-01-29T01:39:17 IST" name="testData" data-provider="driveTest" finished-at="2025-01-29T01:39:17 IST" duration-ms="3" status="PASS">
          <params>
            <param index="0">
              <value>
                <![CDATA[Hanuman]]>
              </value>
            </param>
            <param index="1">
              <value>
                <![CDATA[bring ]]>
              </value>
            </param>
            <param index="2">
              <value>
                <![CDATA[me ]]>
              </value>
            </param>
            <param index="3">
              <value>
                <![CDATA[back]]>
              </value>
            </param>
          </params>
          <reporter-output>
          </reporter-output>
        </test-method> <!-- testData -->
      </class> <!-- ExcelDriven.ExcelDriven.dataProviderTest -->
    </test> <!-- Default test -->
  </suite> <!-- Default suite -->
</testng-results>
