<?xml version="1.0" encoding="UTF-8"?>
<!-- Generated by org.testng.reporters.JUnitReportReporter -->
<testsuite hostname="DESKTOP-SITGL47" failures="0" tests="4" name="ExcelDriven.ExcelDriven.dataProviderTest" time="0.035" errors="0" timestamp="2025-01-29T01:39:17 IST" skipped="0">
  <testcase classname="ExcelDriven.ExcelDriven.dataProviderTest" name="testData" time="0.003"/>
  <testcase classname="ExcelDriven.ExcelDriven.dataProviderTest" name="testData" time="0.025"/>
  <testcase classname="ExcelDriven.ExcelDriven.dataProviderTest" name="testData" time="0.004"/>
  <testcase classname="ExcelDriven.ExcelDriven.dataProviderTest" name="testData" time="0.003"/>
</testsuite> <!-- ExcelDriven.ExcelDriven.dataProviderTest -->
